<?xml version="1.0" encoding="UTF-8"?>
<testng-results skipped="0" failed="1" ignored="0" total="1" passed="0">
  <reporter-output>
  </reporter-output>
  <suite name="Default suite" duration-ms="38631" started-at="2020-08-30T17:12:13Z" finished-at="2020-08-30T17:12:52Z">
    <groups>
    </groups>
    <test name="Default test" duration-ms="38631" started-at="2020-08-30T17:12:13Z" finished-at="2020-08-30T17:12:52Z">
      <class name="com.app.androidapp.scripts.TC_001_TestScript1">
        <test-method status="PASS" signature="_LaunchApp()[pri:0, instance:com.app.androidapp.scripts.TC_001_TestScript1@52f759d7]" name="_LaunchApp" is-config="true" duration-ms="16200" started-at="2020-08-30T22:42:13Z" finished-at="2020-08-30T22:42:29Z">
          <reporter-output>
          </reporter-output>
        </test-method> <!-- _LaunchApp -->
        <test-method status="FAIL" signature="tc_001_testOne()[pri:0, instance:com.app.androidapp.scripts.TC_001_TestScript1@52f759d7]" name="tc_001_testOne" duration-ms="22380" started-at="2020-08-30T22:42:29Z" finished-at="2020-08-30T22:42:52Z">
          <exception class="org.openqa.selenium.NoSuchElementException">
            <message>
              <![CDATA[An element could not be located on the page using the given search parameters. (WARNING: The server did not provide any stacktrace information)Command duration or timeout: 18.97 secondsFor documentation on this error, please visit: http://seleniumhq.org/exceptions/no_such_element.htmlBuild info: version: '2.53.1', revision: 'a36b8b1cd5757287168e54b817830adce9b0158d', time: '2016-06-30 19:26:09'System info: host: 'Amar', ip: '192.168.43.45', os.name: 'Windows 8.1', os.arch: 'amd64', os.version: '6.3', java.version: '1.8.0_172'Driver info: io.appium.java_client.android.AndroidDriverCapabilities [{appPackage=com.mrvoonik.android, statBarHeight=72, noReset=true, viewportRect={top=72, left=0, width=1080, height=1848}, deviceName=d6c768cf9804, UDID=d6c768cf9804, fullReset=false, platform=LINUX, deviceUDID=d6c768cf9804, desired={appPackage=com.mrvoonik.android, appActivity=splashsection.Splash, noReset=true, platformVersion=7, automationName=uiautomator2, autoGrantPermissions=true, platformName=Android, deviceName=Redmi, UDID=d6c768cf9804, fullReset=false, appWaitDuration=180000, autoAcceptAlerts=true}, platformVersion=7.0, webStorageEnabled=false, automationName=uiautomator2, takesScreenshot=true, javascriptEnabled=true, platformName=Android, deviceApiLevel=24, deviceManufacturer=Xiaomi, deviceScreenSize=1080x1920, networkConnectionEnabled=true, warnings={}, databaseEnabled=false, appWaitDuration=180000, appActivity=splashsection.Splash, pixelRatio=3, locationContextEnabled=false, autoGrantPermissions=true, deviceScreenDensity=480, deviceModel=Redmi Note 4, autoAcceptAlerts=true}]Session ID: 9df710a9-a561-4e66-972f-0077d25ac737*** Element info: {Using=-android uiautomator, value=new UiScrollable(new UiSelector()).scrollIntoView(text("T-shirts"))}]]>
            </message>
            <full-stacktrace>
              <![CDATA[org.openqa.selenium.NoSuchElementException: An element could not be located on the page using the given search parameters. (WARNING: The server did not provide any stacktrace information)Command duration or timeout: 18.97 secondsFor documentation on this error, please visit: http://seleniumhq.org/exceptions/no_such_element.htmlBuild info: version: '2.53.1', revision: 'a36b8b1cd5757287168e54b817830adce9b0158d', time: '2016-06-30 19:26:09'System info: host: 'Amar', ip: '192.168.43.45', os.name: 'Windows 8.1', os.arch: 'amd64', os.version: '6.3', java.version: '1.8.0_172'Driver info: io.appium.java_client.android.AndroidDriverCapabilities [{appPackage=com.mrvoonik.android, statBarHeight=72, noReset=true, viewportRect={top=72, left=0, width=1080, height=1848}, deviceName=d6c768cf9804, UDID=d6c768cf9804, fullReset=false, platform=LINUX, deviceUDID=d6c768cf9804, desired={appPackage=com.mrvoonik.android, appActivity=splashsection.Splash, noReset=true, platformVersion=7, automationName=uiautomator2, autoGrantPermissions=true, platformName=Android, deviceName=Redmi, UDID=d6c768cf9804, fullReset=false, appWaitDuration=180000, autoAcceptAlerts=true}, platformVersion=7.0, webStorageEnabled=false, automationName=uiautomator2, takesScreenshot=true, javascriptEnabled=true, platformName=Android, deviceApiLevel=24, deviceManufacturer=Xiaomi, deviceScreenSize=1080x1920, networkConnectionEnabled=true, warnings={}, databaseEnabled=false, appWaitDuration=180000, appActivity=splashsection.Splash, pixelRatio=3, locationContextEnabled=false, autoGrantPermissions=true, deviceScreenDensity=480, deviceModel=Redmi Note 4, autoAcceptAlerts=true}]Session ID: 9df710a9-a561-4e66-972f-0077d25ac737*** Element info: {Using=-android uiautomator, value=new UiScrollable(new UiSelector()).scrollIntoView(text("T-shirts"))}at sun.reflect.NativeConstructorAccessorImpl.newInstance0(Native Method)at sun.reflect.NativeConstructorAccessorImpl.newInstance(NativeConstructorAccessorImpl.java:62)at sun.reflect.DelegatingConstructorAccessorImpl.newInstance(DelegatingConstructorAccessorImpl.java:45)at java.lang.reflect.Constructor.newInstance(Constructor.java:423)at org.openqa.selenium.remote.ErrorHandler.createThrowable(ErrorHandler.java:206)at org.openqa.selenium.remote.ErrorHandler.throwIfResponseFailed(ErrorHandler.java:158)at org.openqa.selenium.remote.RemoteWebDriver.execute(RemoteWebDriver.java:678)at io.appium.java_client.DefaultGenericMobileDriver.execute(DefaultGenericMobileDriver.java:40)at io.appium.java_client.AppiumDriver.execute(AppiumDriver.java:1)at io.appium.java_client.android.AndroidDriver.execute(AndroidDriver.java:1)at org.openqa.selenium.remote.RemoteWebDriver.findElement(RemoteWebDriver.java:363)at io.appium.java_client.DefaultGenericMobileDriver.findElement(DefaultGenericMobileDriver.java:56)at io.appium.java_client.AppiumDriver.findElement(AppiumDriver.java:1)at io.appium.java_client.android.AndroidDriver.findElement(AndroidDriver.java:1)at io.appium.java_client.android.AndroidDriver.findElementByAndroidUIAutomator(AndroidDriver.java:365)at com.app.androidapp.util.MobileActionUtil.scrollToElement(MobileActionUtil.java:46)at com.app.androidapp.pages.VookLandingPage.scrollToMen(VookLandingPage.java:27)at com.app.androidapp.scripts.TC_001_TestScript1.tc_001_testOne(TC_001_TestScript1.java:19)at sun.reflect.NativeMethodAccessorImpl.invoke0(Native Method)at sun.reflect.NativeMethodAccessorImpl.invoke(NativeMethodAccessorImpl.java:62)at sun.reflect.DelegatingMethodAccessorImpl.invoke(DelegatingMethodAccessorImpl.java:43)at java.lang.reflect.Method.invoke(Method.java:498)at org.testng.internal.MethodInvocationHelper.invokeMethod(MethodInvocationHelper.java:124)at org.testng.internal.Invoker.invokeMethod(Invoker.java:571)at org.testng.internal.Invoker.invokeTestMethod(Invoker.java:707)at org.testng.internal.Invoker.invokeTestMethods(Invoker.java:979)at org.testng.internal.TestMethodWorker.invokeTestMethods(TestMethodWorker.java:125)at org.testng.internal.TestMethodWorker.run(TestMethodWorker.java:109)at org.testng.TestRunner.privateRun(TestRunner.java:648)at org.testng.TestRunner.run(TestRunner.java:505)at org.testng.SuiteRunner.runTest(SuiteRunner.java:455)at org.testng.SuiteRunner.runSequentially(SuiteRunner.java:450)at org.testng.SuiteRunner.privateRun(SuiteRunner.java:415)at org.testng.SuiteRunner.run(SuiteRunner.java:364)at org.testng.SuiteRunnerWorker.runSuite(SuiteRunnerWorker.java:52)at org.testng.SuiteRunnerWorker.run(SuiteRunnerWorker.java:84)at org.testng.TestNG.runSuitesSequentially(TestNG.java:1187)at org.testng.TestNG.runSuitesLocally(TestNG.java:1116)at org.testng.TestNG.runSuites(TestNG.java:1028)at org.testng.TestNG.run(TestNG.java:996)at org.testng.remote.AbstractRemoteTestNG.run(AbstractRemoteTestNG.java:114)at org.testng.remote.RemoteTestNG.initAndRun(RemoteTestNG.java:251)at org.testng.remote.RemoteTestNG.main(RemoteTestNG.java:77)]]>
            </full-stacktrace>
          </exception> <!-- org.openqa.selenium.NoSuchElementException -->
          <reporter-output>
          </reporter-output>
        </test-method> <!-- tc_001_testOne -->
        <test-method status="PASS" signature="shutDownApp()[pri:0, instance:com.app.androidapp.scripts.TC_001_TestScript1@52f759d7]" name="shutDownApp" is-config="true" duration-ms="2" started-at="2020-08-30T22:42:52Z" finished-at="2020-08-30T22:42:52Z">
          <reporter-output>
          </reporter-output>
        </test-method> <!-- shutDownApp -->
      </class> <!-- com.app.androidapp.scripts.TC_001_TestScript1 -->
    </test> <!-- Default test -->
  </suite> <!-- Default suite -->
</testng-results>
